[ 2016-09-14T00:02:18+08:00 ] ::1 /MyShowApp/index.php/home/uploadimg
ERR: 无法加载控制器:Uploadimg

[ 2016-09-14T00:02:31+08:00 ] ::1 /MyShowApp/index.php/home/uploadimg
ERR: 无法加载控制器:Uploadimg

[ 2016-09-14T01:25:54+08:00 ] ::1 /MyShowApp/index.php/home/uploadimg
ERR: 无法加载控制器:Uploadimg

[ 2016-09-14T01:26:00+08:00 ] ::1 /MyShowApp/index.php/home/uploadimg
ERR: 无法加载控制器:Uploadimg

[ 2016-09-14T02:29:17+08:00 ] ::1 /MyShowApp/index.php/home/user/uploadimg
ERR: 1062:Duplicate entry '12' for key 'PRIMARY'
 [ SQL语句 ] : INSERT INTO `t_user` (`user_id`,`user_header`) VALUES ('12','57')
ERR: 1062:Duplicate entry '12' for key 'PRIMARY'
 [ SQL语句 ] : INSERT INTO `t_user` (`user_id`,`user_header`) VALUES ('12','57')

[ 2016-09-14T02:29:48+08:00 ] ::1 /MyShowApp/index.php/home/user/uploadimg
ERR: 1062:Duplicate entry '13' for key 'PRIMARY'
 [ SQL语句 ] : INSERT INTO `t_user` (`user_id`,`user_header`) VALUES ('13','57')
ERR: 1062:Duplicate entry '13' for key 'PRIMARY'
 [ SQL语句 ] : INSERT INTO `t_user` (`user_id`,`user_header`) VALUES ('13','57')

[ 2016-09-14T05:28:55+08:00 ] ::1 /MyShowApp/index.php/home/user/uploadimg
ERR: 1451:Cannot delete or update a parent row: a foreign key constraint fails (`showdb`.`t_collect`, CONSTRAINT `fk_collect_user` FOREIGN KEY (`user_id`) REFERENCES `t_user` (`user_id`))
 [ SQL语句 ] : UPDATE `t_user` SET `user_id`='11',`user_header`='57'
ERR: 1451:Cannot delete or update a parent row: a foreign key constraint fails (`showdb`.`t_collect`, CONSTRAINT `fk_collect_user` FOREIGN KEY (`user_id`) REFERENCES `t_user` (`user_id`))
 [ SQL语句 ] : UPDATE `t_user` SET `user_id`='11',`user_header`='57'

[ 2016-09-14T05:29:25+08:00 ] ::1 /MyShowApp/index.php/home/user/uploadimg
ERR: 1451:Cannot delete or update a parent row: a foreign key constraint fails (`showdb`.`t_collect`, CONSTRAINT `fk_collect_user` FOREIGN KEY (`user_id`) REFERENCES `t_user` (`user_id`))
 [ SQL语句 ] : UPDATE `t_user` SET `user_id`='1',`user_header`='57'
ERR: 1451:Cannot delete or update a parent row: a foreign key constraint fails (`showdb`.`t_collect`, CONSTRAINT `fk_collect_user` FOREIGN KEY (`user_id`) REFERENCES `t_user` (`user_id`))
 [ SQL语句 ] : UPDATE `t_user` SET `user_id`='1',`user_header`='57'

[ 2016-09-14T07:53:40+08:00 ] ::1 /MyShowApp/index.php/home/user/uploadimg
ERR: 1054:Unknown column 'userid' in 'where clause'
 [ SQL语句 ] : UPDATE `t_user` SET `user_id`='1',`user_header`='2016' WHERE ( userid = 1 )
ERR: 1054:Unknown column 'userid' in 'where clause'
 [ SQL语句 ] : UPDATE `t_user` SET `user_id`='1',`user_header`='2016' WHERE ( userid = 1 )

[ 2016-09-14T07:54:17+08:00 ] ::1 /MyShowApp/index.php/home/user/uploadimg
ERR: 1054:Unknown column 'userid' in 'where clause'
 [ SQL语句 ] : UPDATE `t_user` SET `user_id`='1',`user_header`='2016' WHERE ( userid = 1 )
ERR: 1054:Unknown column 'userid' in 'where clause'
 [ SQL语句 ] : UPDATE `t_user` SET `user_id`='1',`user_header`='2016' WHERE ( userid = 1 )

[ 2016-09-14T08:00:14+08:00 ] ::1 /MyShowApp/index.php/home/uploadimg
ERR: 无法加载控制器:Uploadimg

[ 2016-09-14T08:13:03+08:00 ] ::1 /MyShowApp/index.php/home/user/uploadimg
ERR: 1064:You have an error in your SQL syntax; check the manual that corresponds to your MySQL server version for the right syntax to use near 'WHERE `user_id` = 1' at line 1
 [ SQL语句 ] : UPDATE `t_user` SET  WHERE `user_id` = 1
ERR: 1064:You have an error in your SQL syntax; check the manual that corresponds to your MySQL server version for the right syntax to use near 'WHERE `user_id` = 1' at line 1
 [ SQL语句 ] : UPDATE `t_user` SET  WHERE `user_id` = 1

[ 2016-09-14T08:15:51+08:00 ] ::1 /MyShowApp/index.php/home/user/uploadimg
ERR: 1064:You have an error in your SQL syntax; check the manual that corresponds to your MySQL server version for the right syntax to use near 'WHERE `user_id` = 1' at line 1
 [ SQL语句 ] : UPDATE `t_user` SET  WHERE `user_id` = 1
ERR: 1064:You have an error in your SQL syntax; check the manual that corresponds to your MySQL server version for the right syntax to use near 'WHERE `user_id` = 1' at line 1
 [ SQL语句 ] : UPDATE `t_user` SET  WHERE `user_id` = 1

[ 2016-09-14T08:49:05+08:00 ] ::1 /MyShowApp/index.php/home/user/uploadimg
ERR: 1064:You have an error in your SQL syntax; check the manual that corresponds to your MySQL server version for the right syntax to use near 'WHERE `user_id` = 1' at line 1
 [ SQL语句 ] : UPDATE `t_user` SET  WHERE `user_id` = 1
ERR: 1064:You have an error in your SQL syntax; check the manual that corresponds to your MySQL server version for the right syntax to use near 'WHERE `user_id` = 1' at line 1
 [ SQL语句 ] : UPDATE `t_user` SET  WHERE `user_id` = 1

[ 2016-09-14T08:54:16+08:00 ] ::1 /MyShowApp/index.php/home/user/uploadimg
ERR: 1064:You have an error in your SQL syntax; check the manual that corresponds to your MySQL server version for the right syntax to use near 'WHERE `user_id` = 1' at line 1
 [ SQL语句 ] : UPDATE `t_user` SET  WHERE `user_id` = 1
ERR: 1064:You have an error in your SQL syntax; check the manual that corresponds to your MySQL server version for the right syntax to use near 'WHERE `user_id` = 1' at line 1
 [ SQL语句 ] : UPDATE `t_user` SET  WHERE `user_id` = 1

[ 2016-09-14T08:58:19+08:00 ] ::1 /MyShowApp/index.php/home/user/uploadimg
ERR: 1064:You have an error in your SQL syntax; check the manual that corresponds to your MySQL server version for the right syntax to use near 'WHERE `user_id` = 1' at line 1
 [ SQL语句 ] : UPDATE `t_user` SET  WHERE `user_id` = 1
ERR: 1064:You have an error in your SQL syntax; check the manual that corresponds to your MySQL server version for the right syntax to use near 'WHERE `user_id` = 1' at line 1
 [ SQL语句 ] : UPDATE `t_user` SET  WHERE `user_id` = 1

[ 2016-09-14T08:59:01+08:00 ] ::1 /MyShowApp/index.php/home/user/uploadimg
ERR: 1064:You have an error in your SQL syntax; check the manual that corresponds to your MySQL server version for the right syntax to use near 'WHERE `user_id` = 1' at line 1
 [ SQL语句 ] : UPDATE `t_user` SET  WHERE `user_id` = 1
ERR: 1064:You have an error in your SQL syntax; check the manual that corresponds to your MySQL server version for the right syntax to use near 'WHERE `user_id` = 1' at line 1
 [ SQL语句 ] : UPDATE `t_user` SET  WHERE `user_id` = 1

[ 2016-09-14T09:18:52+08:00 ] ::1 /MyShowApp/index.php/home/user/uploadimg
ERR: 1064:You have an error in your SQL syntax; check the manual that corresponds to your MySQL server version for the right syntax to use near 'WHERE `user_id` = 1' at line 1
 [ SQL语句 ] : UPDATE `t_user` SET  WHERE `user_id` = 1
ERR: 1064:You have an error in your SQL syntax; check the manual that corresponds to your MySQL server version for the right syntax to use near 'WHERE `user_id` = 1' at line 1
 [ SQL语句 ] : UPDATE `t_user` SET  WHERE `user_id` = 1

[ 2016-09-14T09:20:18+08:00 ] ::1 /MyShowApp/index.php/home/user/uploadimg
ERR: 1064:You have an error in your SQL syntax; check the manual that corresponds to your MySQL server version for the right syntax to use near 'WHERE `user_id` = 1' at line 1
 [ SQL语句 ] : UPDATE `t_user` SET  WHERE `user_id` = 1
ERR: 1064:You have an error in your SQL syntax; check the manual that corresponds to your MySQL server version for the right syntax to use near 'WHERE `user_id` = 1' at line 1
 [ SQL语句 ] : UPDATE `t_user` SET  WHERE `user_id` = 1

