[ 2016-09-20T01:50:47+08:00 ] ::1 /SmallStore/index.php/home/user/login
ERR: 1146:Table 'smallstore.t_user' doesn't exist
 [ SQL语句 ] : SHOW COLUMNS FROM `t_user`
ERR: 1146:Table 'smallstore.t_user' doesn't exist
 [ SQL语句 ] : SHOW COLUMNS FROM `t_user`

[ 2016-09-20T01:56:22+08:00 ] ::1 /SmallStore/index.php/home/user/login
ERR: 1146:Table 'smallstore.t_user' doesn't exist
 [ SQL语句 ] : SHOW COLUMNS FROM `t_user`
ERR: 1146:Table 'smallstore.t_user' doesn't exist
 [ SQL语句 ] : SHOW COLUMNS FROM `t_user`

[ 2016-09-20T01:56:39+08:00 ] ::1 /SmallStore/index.php/home/user/login
ERR: 1146:Table 'smallstore.t_user' doesn't exist
 [ SQL语句 ] : SHOW COLUMNS FROM `t_user`
ERR: 1146:Table 'smallstore.t_user' doesn't exist
 [ SQL语句 ] : SHOW COLUMNS FROM `t_user`

[ 2016-09-20T01:58:55+08:00 ] ::1 /SmallStore/index.php/home/user/login
ERR: 1146:Table 'smallstore.t_user' doesn't exist
 [ SQL语句 ] : SHOW COLUMNS FROM `t_user`
ERR: 1146:Table 'smallstore.t_user' doesn't exist
 [ SQL语句 ] : SHOW COLUMNS FROM `t_user`

[ 2016-09-20T10:28:17+08:00 ] ::1 /SmallStore/index.php/home/user/register
ERR: 1048:Column 'user_phone' cannot be null
 [ SQL语句 ] : INSERT INTO `t_userinfo` (`user_phone`,`user_pwd`) VALUES (NULL,NULL)
ERR: 1048:Column 'user_phone' cannot be null
 [ SQL语句 ] : INSERT INTO `t_userinfo` (`user_phone`,`user_pwd`) VALUES (NULL,NULL)

[ 2016-09-20T10:30:44+08:00 ] ::1 /SmallStore/index.php/home/user/register
ERR: 1048:Column 'user_phone' cannot be null
 [ SQL语句 ] : INSERT INTO `t_userinfo` (`user_phone`,`user_pwd`) VALUES (NULL,NULL)
ERR: 1048:Column 'user_phone' cannot be null
 [ SQL语句 ] : INSERT INTO `t_userinfo` (`user_phone`,`user_pwd`) VALUES (NULL,NULL)

